<?xml version="1.0" encoding="UTF-8"?>
<!-- Generated by org.testng.reporters.JUnitXMLReporter -->
<testsuite ignored="0" hostname="LAPTOP-QS8DG931" failures="0" tests="13" name="Surefire test" time="21.537" errors="0" timestamp="2026-02-24T13:06:08 IST">
  <testcase classname="api.test.DDTests" name="testPostUser" time="2.568"/>
  <testcase classname="api.test.DDTests" name="testPostUser" time="1.338"/>
  <testcase classname="api.test.DDTests" name="testPostUser" time="1.367"/>
  <testcase classname="api.test.DDTests" name="testGetUserByName" time="1.428"/>
  <testcase classname="api.test.DDTests" name="testGetUserByName" time="1.401"/>
  <testcase classname="api.test.DDTests" name="testGetUserByName" time="1.378"/>
  <testcase classname="api.test.StoreTests" name="testPostStoreOrder" time="1.37"/>
  <testcase classname="api.test.StoreTests" name="testGetStoreOrderById" time="1.375"/>
  <testcase classname="api.test.StoreTests" name="testDeleteStoreOrderById" time="1.319"/>
  <testcase classname="api.test.UserTests" name="testPostUser" time="1.367"/>
  <testcase classname="api.test.UserTests" name="testGetUserByName" time="1.295"/>
  <testcase classname="api.test.UserTests" name="testUpdateUserByName" time="2.638"/>
  <testcase classname="api.test.UserTests" name="testDeleteUserByName" time="1.298"/>
</testsuite> <!-- Surefire test -->
