<?xml version="1.0" encoding="UTF-8"?>
<!-- Generated by org.testng.reporters.JUnitXMLReporter -->
<testsuite ignored="0" hostname="LAPTOP-QS8DG931" failures="0" tests="6" name="Default test" time="15.71" errors="0" timestamp="2026-02-09T23:00:16 IST">
  <testcase classname="api.test.DDTests" name="testPostUser" time="3.789"/>
  <testcase classname="api.test.DDTests" name="testPostUser" time="2.092"/>
  <testcase classname="api.test.DDTests" name="testPostUser" time="2.043"/>
  <testcase classname="api.test.DDTests" name="testGetUserByName" time="2.199"/>
  <testcase classname="api.test.DDTests" name="testGetUserByName" time="2.144"/>
  <testcase classname="api.test.DDTests" name="testGetUserByName" time="2.048"/>
</testsuite> <!-- Default test -->
