<?xml version="1.0" encoding="UTF-8"?>
<testng-results ignored="0" total="3" passed="3" failed="0" skipped="0">
  <reporter-output>
  </reporter-output>
  <suite started-at="2026-02-24T12:42:32 IST" name="PetSuite" finished-at="2026-02-24T12:42:38 IST" duration-ms="5881">
    <groups>
    </groups>
    <test started-at="2026-02-24T12:42:32 IST" name="PetTests" finished-at="2026-02-24T12:42:38 IST" duration-ms="5881">
      <class name="api.test.StoreTests">
        <test-method is-config="true" signature="setupData()[pri:0, instance:api.test.StoreTests@3fc2959f]" started-at="2026-02-24T12:42:32 IST" name="setupData" finished-at="2026-02-24T12:42:32 IST" duration-ms="328" status="PASS">
          <reporter-output>
          </reporter-output>
        </test-method> <!-- setupData -->
        <test-method signature="testPostStoreOrder()[pri:1, instance:api.test.StoreTests@3fc2959f]" started-at="2026-02-24T12:42:32 IST" name="testPostStoreOrder" finished-at="2026-02-24T12:42:35 IST" duration-ms="2532" status="PASS">
          <reporter-output>
          </reporter-output>
        </test-method> <!-- testPostStoreOrder -->
        <test-method signature="testGetStoreOrderById()[pri:2, instance:api.test.StoreTests@3fc2959f]" started-at="2026-02-24T12:42:35 IST" name="testGetStoreOrderById" finished-at="2026-02-24T12:42:36 IST" duration-ms="1463" status="PASS">
          <reporter-output>
          </reporter-output>
        </test-method> <!-- testGetStoreOrderById -->
        <test-method signature="testDeleteStoreOrderById()[pri:3, instance:api.test.StoreTests@3fc2959f]" started-at="2026-02-24T12:42:36 IST" name="testDeleteStoreOrderById" finished-at="2026-02-24T12:42:38 IST" duration-ms="1375" status="PASS">
          <reporter-output>
          </reporter-output>
        </test-method> <!-- testDeleteStoreOrderById -->
      </class> <!-- api.test.StoreTests -->
    </test> <!-- PetTests -->
  </suite> <!-- PetSuite -->
</testng-results>
