<?xml version="1.0" encoding="UTF-8"?>
<testng-results ignored="0" total="4" passed="4" failed="0" skipped="0">
  <reporter-output>
  </reporter-output>
  <suite started-at="2026-03-25T21:40:55 IST" name="Default suite" finished-at="2026-03-25T21:41:06 IST" duration-ms="11173">
    <groups>
    </groups>
    <test started-at="2026-03-25T21:40:55 IST" name="Default test" finished-at="2026-03-25T21:41:06 IST" duration-ms="11173">
      <class name="api.test.PetTests">
        <test-method is-config="true" signature="setUpData()[pri:0, instance:api.test.PetTests@3b0090a4]" started-at="2026-03-25T21:40:55 IST" name="setUpData" finished-at="2026-03-25T21:40:56 IST" duration-ms="718" status="PASS">
          <reporter-output>
          </reporter-output>
        </test-method> <!-- setUpData -->
        <test-method signature="testPostPet()[pri:1, instance:api.test.PetTests@3b0090a4]" started-at="2026-03-25T21:40:56 IST" name="testPostPet" finished-at="2026-03-25T21:41:00 IST" duration-ms="3726" status="PASS">
          <reporter-output>
          </reporter-output>
        </test-method> <!-- testPostPet -->
        <test-method signature="testGetPetDetailsById()[pri:2, instance:api.test.PetTests@3b0090a4]" started-at="2026-03-25T21:41:00 IST" name="testGetPetDetailsById" finished-at="2026-03-25T21:41:01 IST" duration-ms="1801" status="PASS">
          <reporter-output>
          </reporter-output>
        </test-method> <!-- testGetPetDetailsById -->
        <test-method signature="testgetPetDetailsByStatus()[pri:3, instance:api.test.PetTests@3b0090a4]" started-at="2026-03-25T21:41:01 IST" name="testgetPetDetailsByStatus" finished-at="2026-03-25T21:41:05 IST" duration-ms="3153" status="PASS">
          <reporter-output>
          </reporter-output>
        </test-method> <!-- testgetPetDetailsByStatus -->
        <test-method signature="testDeletePet()[pri:4, instance:api.test.PetTests@3b0090a4]" started-at="2026-03-25T21:41:05 IST" name="testDeletePet" finished-at="2026-03-25T21:41:06 IST" duration-ms="1675" status="PASS">
          <reporter-output>
          </reporter-output>
        </test-method> <!-- testDeletePet -->
      </class> <!-- api.test.PetTests -->
    </test> <!-- Default test -->
  </suite> <!-- Default suite -->
</testng-results>
