<?xml version="1.0" encoding="UTF-8"?>
<!-- Generated by org.testng.reporters.JUnitXMLReporter -->
<testsuite ignored="0" hostname="LAPTOP-QS8DG931" failures="0" tests="3" name="PetTests" time="7.502" errors="0" timestamp="2026-02-24T13:27:18 IST">
  <testcase classname="api.test.StoreTests" name="testPostStoreOrder" time="3.527"/>
  <testcase classname="api.test.StoreTests" name="testGetStoreOrderById" time="1.569"/>
  <testcase classname="api.test.StoreTests" name="testDeleteStoreOrderById" time="1.626"/>
</testsuite> <!-- PetTests -->
