<?xml version="1.0" encoding="UTF-8"?>
<!-- Generated by org.testng.reporters.JUnitReportReporter -->
<testsuite hostname="LAPTOP-QS8DG931" failures="0" tests="6" name="api.test.DDTests" time="14.315" errors="0" timestamp="2026-02-09T23:00:16 IST" skipped="0">
  <testcase classname="api.test.DDTests" name="testPostUser" time="2.092"/>
  <testcase classname="api.test.DDTests" name="testPostUser" time="2.043"/>
  <testcase classname="api.test.DDTests" name="testPostUser" time="3.789"/>
  <testcase classname="api.test.DDTests" name="testGetUserByName" time="2.199"/>
  <testcase classname="api.test.DDTests" name="testGetUserByName" time="2.144"/>
  <testcase classname="api.test.DDTests" name="testGetUserByName" time="2.048"/>
</testsuite> <!-- api.test.DDTests -->
