<?xml version="1.0" encoding="UTF-8"?>
<!-- Generated by org.testng.reporters.JUnitReportReporter -->
<testsuite hostname="LAPTOP-QS8DG931" failures="0" tests="4" name="api.test.PetTests" time="10.355" errors="0" timestamp="2026-03-25T21:41:06 IST" skipped="0">
  <testcase classname="api.test.PetTests" name="testPostPet" time="3.726"/>
  <testcase classname="api.test.PetTests" name="testGetPetDetailsById" time="1.801"/>
  <testcase classname="api.test.PetTests" name="testgetPetDetailsByStatus" time="3.153"/>
  <testcase classname="api.test.PetTests" name="testDeletePet" time="1.675"/>
</testsuite> <!-- api.test.PetTests -->
