<?xml version="1.0" encoding="UTF-8"?>
<!-- Generated by org.testng.reporters.JUnitReportReporter -->
<testsuite hostname="LAPTOP-QS8DG931" failures="0" tests="3" name="api.test.StoreTests" time="5.370" errors="0" timestamp="2026-02-24T12:42:38 IST" skipped="0">
  <testcase classname="api.test.StoreTests" name="testPostStoreOrder" time="2.532"/>
  <testcase classname="api.test.StoreTests" name="testGetStoreOrderById" time="1.463"/>
  <testcase classname="api.test.StoreTests" name="testDeleteStoreOrderById" time="1.375"/>
</testsuite> <!-- api.test.StoreTests -->
