<?xml version="1.0" encoding="UTF-8"?>
<!-- Generated by org.testng.reporters.JUnitReportReporter -->
<testsuite hostname="LAPTOP-QS8DG931" failures="0" tests="4" name="api.test.UserTests2" time="9.962" errors="0" timestamp="2026-02-24T11:45:28 IST" skipped="0">
  <testcase classname="api.test.UserTests2" name="testPostUser" time="3.638"/>
  <testcase classname="api.test.UserTests2" name="testGetUserByName" time="1.592"/>
  <testcase classname="api.test.UserTests2" name="testUpdateUserByName" time="3.128"/>
  <testcase classname="api.test.UserTests2" name="testDeleteUserByName" time="1.604"/>
</testsuite> <!-- api.test.UserTests2 -->
