<?xml version="1.0" encoding="UTF-8"?>
<!-- Generated by org.testng.reporters.JUnitReportReporter -->
<testsuite hostname="LAPTOP-QS8DG931" failures="0" tests="4" name="api.test.UserTests" time="9.738" errors="0" timestamp="2026-02-23T13:53:35 IST" skipped="0">
  <testcase classname="api.test.UserTests" name="testPostUser" time="3.451"/>
  <testcase classname="api.test.UserTests" name="testGetUserByName" time="1.627"/>
  <testcase classname="api.test.UserTests" name="testUpdateUserByName" time="3.127"/>
  <testcase classname="api.test.UserTests" name="testDeleteUserByName" time="1.533"/>
</testsuite> <!-- api.test.UserTests -->
