<?xml version="1.0" encoding="UTF-8"?>
<!-- Generated by org.testng.reporters.JUnitReportReporter -->
<testsuite hostname="LAPTOP-QS8DG931" failures="0" tests="4" name="api.test.UserTests" time="6.598" errors="0" timestamp="2026-02-24T13:06:08 IST" skipped="0">
  <testcase classname="api.test.UserTests" name="testPostUser" time="1.367"/>
  <testcase classname="api.test.UserTests" name="testGetUserByName" time="1.295"/>
  <testcase classname="api.test.UserTests" name="testUpdateUserByName" time="2.638"/>
  <testcase classname="api.test.UserTests" name="testDeleteUserByName" time="1.298"/>
</testsuite> <!-- api.test.UserTests -->
