<?xml version="1.0" encoding="UTF-8"?>
<!-- Generated by org.testng.reporters.JUnitReportReporter -->
<testsuite hostname="LAPTOP-QS8DG931" failures="0" tests="6" name="api.test.DDTests" time="9.480" errors="0" timestamp="2026-02-24T13:06:08 IST" skipped="0">
  <testcase classname="api.test.DDTests" name="testPostUser" time="2.568"/>
  <testcase classname="api.test.DDTests" name="testPostUser" time="1.338"/>
  <testcase classname="api.test.DDTests" name="testPostUser" time="1.367"/>
  <testcase classname="api.test.DDTests" name="testGetUserByName" time="1.428"/>
  <testcase classname="api.test.DDTests" name="testGetUserByName" time="1.378"/>
  <testcase classname="api.test.DDTests" name="testGetUserByName" time="1.401"/>
</testsuite> <!-- api.test.DDTests -->
