<?xml version="1.0" encoding="UTF-8"?>
<!-- Generated by org.testng.reporters.JUnitXMLReporter -->
<testsuite ignored="0" hostname="LAPTOP-QS8DG931" failures="0" tests="3" name="PetTests" time="6.903" errors="0" timestamp="2026-03-25T21:31:22 IST">
  <testcase classname="api.test.PetTests" name="testPostPet" time="2.679"/>
  <testcase classname="api.test.PetTests" name="testGetPetDetailsById" time="1.36"/>
  <testcase classname="api.test.PetTests" name="testgetPetDetailsByStatus" time="2.178"/>
</testsuite> <!-- PetTests -->
